mode: atomic
github.com/maticnetwork/polygon-cli/hdwallet/hdwallet.go:110.90,111.27 1 6
github.com/maticnetwork/polygon-cli/hdwallet/hdwallet.go:117.2,117.27 1 4
github.com/maticnetwork/polygon-cli/hdwallet/hdwallet.go:131.2,133.16 3 2
github.com/maticnetwork/polygon-cli/hdwallet/hdwallet.go:137.2,139.21 2 1
github.com/maticnetwork/polygon-cli/hdwallet/hdwallet.go:111.27,116.3 3 2
github.com/maticnetwork/polygon-cli/hdwallet/hdwallet.go:117.27,119.17 2 2
github.com/maticnetwork/polygon-cli/hdwallet/hdwallet.go:122.3,124.17 3 2
github.com/maticnetwork/polygon-cli/hdwallet/hdwallet.go:127.3,127.22 1 2
github.com/maticnetwork/polygon-cli/hdwallet/hdwallet.go:119.17,121.4 1 0
github.com/maticnetwork/polygon-cli/hdwallet/hdwallet.go:124.17,126.4 1 0
github.com/maticnetwork/polygon-cli/hdwallet/hdwallet.go:133.16,136.3 2 1
github.com/maticnetwork/polygon-cli/hdwallet/hdwallet.go:142.68,143.38 1 6
github.com/maticnetwork/polygon-cli/hdwallet/hdwallet.go:146.2,154.16 9 5
github.com/maticnetwork/polygon-cli/hdwallet/hdwallet.go:158.2,158.16 1 5
github.com/maticnetwork/polygon-cli/hdwallet/hdwallet.go:143.38,145.3 1 1
github.com/maticnetwork/polygon-cli/hdwallet/hdwallet.go:154.16,156.3 1 0
github.com/maticnetwork/polygon-cli/hdwallet/hdwallet.go:160.62,167.2 6 8
github.com/maticnetwork/polygon-cli/hdwallet/hdwallet.go:168.49,170.40 1 2
github.com/maticnetwork/polygon-cli/hdwallet/hdwallet.go:173.2,174.12 2 1
github.com/maticnetwork/polygon-cli/hdwallet/hdwallet.go:170.40,172.3 1 1
github.com/maticnetwork/polygon-cli/hdwallet/hdwallet.go:176.59,179.16 3 2
github.com/maticnetwork/polygon-cli/hdwallet/hdwallet.go:183.2,183.12 1 1
github.com/maticnetwork/polygon-cli/hdwallet/hdwallet.go:179.16,181.3 1 1
github.com/maticnetwork/polygon-cli/hdwallet/hdwallet.go:185.53,188.16 3 4
github.com/maticnetwork/polygon-cli/hdwallet/hdwallet.go:192.2,192.12 1 3
github.com/maticnetwork/polygon-cli/hdwallet/hdwallet.go:188.16,190.3 1 1
github.com/maticnetwork/polygon-cli/hdwallet/hdwallet.go:195.44,198.21 1 13
github.com/maticnetwork/polygon-cli/hdwallet/hdwallet.go:209.2,209.29 1 9
github.com/maticnetwork/polygon-cli/hdwallet/hdwallet.go:216.2,217.12 2 2
github.com/maticnetwork/polygon-cli/hdwallet/hdwallet.go:198.21,200.17 2 4
github.com/maticnetwork/polygon-cli/hdwallet/hdwallet.go:203.3,205.13 3 2
github.com/maticnetwork/polygon-cli/hdwallet/hdwallet.go:200.17,202.4 1 2
github.com/maticnetwork/polygon-cli/hdwallet/hdwallet.go:209.29,213.3 3 7
github.com/maticnetwork/polygon-cli/hdwallet/hdwallet.go:219.69,226.16 6 1
github.com/maticnetwork/polygon-cli/hdwallet/hdwallet.go:230.2,237.16 8 1
github.com/maticnetwork/polygon-cli/hdwallet/hdwallet.go:240.2,243.16 4 1
github.com/maticnetwork/polygon-cli/hdwallet/hdwallet.go:246.2,249.16 4 1
github.com/maticnetwork/polygon-cli/hdwallet/hdwallet.go:252.2,255.17 3 1
github.com/maticnetwork/polygon-cli/hdwallet/hdwallet.go:226.16,228.3 1 0
github.com/maticnetwork/polygon-cli/hdwallet/hdwallet.go:237.16,239.3 1 0
github.com/maticnetwork/polygon-cli/hdwallet/hdwallet.go:243.16,245.3 1 0
github.com/maticnetwork/polygon-cli/hdwallet/hdwallet.go:249.16,251.3 1 0
github.com/maticnetwork/polygon-cli/hdwallet/hdwallet.go:258.78,266.16 7 1
github.com/maticnetwork/polygon-cli/hdwallet/hdwallet.go:270.2,273.16 3 1
github.com/maticnetwork/polygon-cli/hdwallet/hdwallet.go:276.2,280.16 4 1
github.com/maticnetwork/polygon-cli/hdwallet/hdwallet.go:283.2,287.35 4 1
github.com/maticnetwork/polygon-cli/hdwallet/hdwallet.go:304.2,304.17 1 1
github.com/maticnetwork/polygon-cli/hdwallet/hdwallet.go:266.16,268.3 1 0
github.com/maticnetwork/polygon-cli/hdwallet/hdwallet.go:273.16,275.3 1 0
github.com/maticnetwork/polygon-cli/hdwallet/hdwallet.go:280.16,282.3 1 0
github.com/maticnetwork/polygon-cli/hdwallet/hdwallet.go:287.35,291.17 3 2
github.com/maticnetwork/polygon-cli/hdwallet/hdwallet.go:294.3,301.45 8 2
github.com/maticnetwork/polygon-cli/hdwallet/hdwallet.go:291.17,293.4 1 0
github.com/maticnetwork/polygon-cli/hdwallet/hdwallet.go:308.38,317.2 8 3
github.com/maticnetwork/polygon-cli/hdwallet/hdwallet.go:319.45,328.2 7 3
github.com/maticnetwork/polygon-cli/hdwallet/hdwallet.go:331.45,342.2 10 3
github.com/maticnetwork/polygon-cli/hdwallet/hdwallet.go:344.51,345.57 1 2
github.com/maticnetwork/polygon-cli/hdwallet/hdwallet.go:348.2,349.16 2 2
github.com/maticnetwork/polygon-cli/hdwallet/hdwallet.go:353.2,354.16 2 1
github.com/maticnetwork/polygon-cli/hdwallet/hdwallet.go:357.2,358.34 2 1
github.com/maticnetwork/polygon-cli/hdwallet/hdwallet.go:364.2,365.24 2 1
github.com/maticnetwork/polygon-cli/hdwallet/hdwallet.go:345.57,347.3 1 0
github.com/maticnetwork/polygon-cli/hdwallet/hdwallet.go:349.16,351.3 1 1
github.com/maticnetwork/polygon-cli/hdwallet/hdwallet.go:354.16,356.3 1 0
github.com/maticnetwork/polygon-cli/hdwallet/hdwallet.go:358.34,360.17 2 3
github.com/maticnetwork/polygon-cli/hdwallet/hdwallet.go:360.17,362.4 1 0
github.com/maticnetwork/polygon-cli/hdwallet/hdwallet.go:368.74,369.50 1 25
github.com/maticnetwork/polygon-cli/hdwallet/hdwallet.go:373.2,374.16 2 25
github.com/maticnetwork/polygon-cli/hdwallet/hdwallet.go:378.2,379.16 2 24
github.com/maticnetwork/polygon-cli/hdwallet/hdwallet.go:382.2,383.34 2 24
github.com/maticnetwork/polygon-cli/hdwallet/hdwallet.go:390.2,391.24 2 24
github.com/maticnetwork/polygon-cli/hdwallet/hdwallet.go:369.50,371.3 1 0
github.com/maticnetwork/polygon-cli/hdwallet/hdwallet.go:374.16,376.3 1 1
github.com/maticnetwork/polygon-cli/hdwallet/hdwallet.go:379.16,381.3 1 0
github.com/maticnetwork/polygon-cli/hdwallet/hdwallet.go:383.34,385.17 2 51
github.com/maticnetwork/polygon-cli/hdwallet/hdwallet.go:385.17,387.4 1 0
github.com/maticnetwork/polygon-cli/hdwallet/hdwallet.go:398.62,400.2 1 2
github.com/maticnetwork/polygon-cli/hdwallet/hdwallet.go:402.62,405.33 3 27
github.com/maticnetwork/polygon-cli/hdwallet/hdwallet.go:427.2,427.18 1 25
github.com/maticnetwork/polygon-cli/hdwallet/hdwallet.go:405.33,407.15 1 81
github.com/maticnetwork/polygon-cli/hdwallet/hdwallet.go:415.3,415.27 1 54
github.com/maticnetwork/polygon-cli/hdwallet/hdwallet.go:423.3,423.14 1 54
github.com/maticnetwork/polygon-cli/hdwallet/hdwallet.go:407.15,408.20 1 27
github.com/maticnetwork/polygon-cli/hdwallet/hdwallet.go:411.4,411.12 1 25
github.com/maticnetwork/polygon-cli/hdwallet/hdwallet.go:408.20,410.5 1 2
github.com/maticnetwork/polygon-cli/hdwallet/hdwallet.go:415.27,417.18 2 54
github.com/maticnetwork/polygon-cli/hdwallet/hdwallet.go:420.4,420.28 1 54
github.com/maticnetwork/polygon-cli/hdwallet/hdwallet.go:417.18,419.5 1 0
github.com/maticnetwork/polygon-cli/hdwallet/hdwallet.go:423.14,425.4 1 0
github.com/maticnetwork/polygon-cli/hdwallet/hdwallet.go:431.55,433.36 2 54
github.com/maticnetwork/polygon-cli/hdwallet/hdwallet.go:437.2,438.16 2 54
github.com/maticnetwork/polygon-cli/hdwallet/hdwallet.go:441.2,441.36 1 54
github.com/maticnetwork/polygon-cli/hdwallet/hdwallet.go:433.36,436.3 2 33
github.com/maticnetwork/polygon-cli/hdwallet/hdwallet.go:438.16,440.3 1 0
github.com/maticnetwork/polygon-cli/hdwallet/hdwallet.go:445.62,447.13 2 3
github.com/maticnetwork/polygon-cli/hdwallet/hdwallet.go:450.2,451.13 2 2
github.com/maticnetwork/polygon-cli/hdwallet/hdwallet.go:455.2,458.16 3 1
github.com/maticnetwork/polygon-cli/hdwallet/hdwallet.go:462.2,463.16 2 1
github.com/maticnetwork/polygon-cli/hdwallet/hdwallet.go:467.2,467.22 1 1
github.com/maticnetwork/polygon-cli/hdwallet/hdwallet.go:447.13,449.3 1 1
github.com/maticnetwork/polygon-cli/hdwallet/hdwallet.go:451.13,453.3 1 1
github.com/maticnetwork/polygon-cli/hdwallet/hdwallet.go:458.16,460.3 1 0
github.com/maticnetwork/polygon-cli/hdwallet/hdwallet.go:463.16,465.3 1 0
github.com/maticnetwork/polygon-cli/hdwallet/hdwallet.go:470.13,472.2 1 1
github.com/maticnetwork/polygon-cli/hdwallet/hdwallet.go:476.39,481.2 4 3
